---- light / ericw-tools 2.0.0-alpha8-57-ga17764a8 ----
LoadBSPFile: 'thedepths.bsp'
BSP is version Quake BSP bsp29
INFO: using built-in palette.
img::ConvertTextures: WARNING: invalid size data for 
img::ConvertTextures: WARNING: Texture  duplicated
Loading extended texinfo flags from thedepths.texinfo.json...
WARNING: entity at () (worldspawn) has empty key/value "" ""
WARNING: entity at () (worldspawn) has empty key/value "property 1" ""
WARNING: entity at () (worldspawn) has empty key/value "property 2" ""
WARNING: entity at () (worldspawn) has empty key/value "property 3" ""
WARNING: entity at () (worldspawn) has empty key/value "property 4" ""
WARNING: entity at () (worldspawn) has empty key/value "property 5" ""
106 entities read, 60 are lights.

--- Options Summary ---
    "nocolor" was set to "1" (from command line)

Embree_TraceInit: Embree version: 3.12.1
Embree_TraceInit: 
	0 sky faces
	4604 solid faces
	0 filtered faces
	0 shadow-casting skip faces
SetupLights: 60 initial lights
SetupLights: 60 after surface lights
SetupLights: 60 after jittering
WARNING: couldn't nudge light out of solid at 2816 272 360
Final count: 60 lights, 0 suns in use.
0 surface light points in use.
lightmap size (total): 89044
Lighting Completed.

0 switchable light styles (32 max)
Writing thedepths.bsp as Quake BSP bsp29
0.262s seconds elapsed
0 empty lightmaps


